# JRE version: OpenJDK Runtime Environment GraalVM CE 22.3.0 (17.0.5+8) (build 17.0.5+8-jvmci-22.3-b08)
# Java VM: OpenJDK 64-Bit Server VM GraalVM CE 22.3.0 (17.0.5+8-jvmci-22.3-b08, mixed mode, sharing, tiered, jvmci, jvmci compiler, compressed oops, compressed class ptrs, parallel gc, linux-amd64)
GC Precious Log:
 CPUs: 8 total, 1 available
 Memory: 1024M
 Large Page Support: Disabled
 NUMA Support: Disabled
 Compressed Oops: Enabled (32-bit)
 Alignments: Space 512K, Generation 512K, Heap 2M
 Heap Min Capacity: 100M
 Heap Initial Capacity: 100M
 Heap Max Capacity: 512M
 Pre-touch: Disabled
 Parallel Workers: 1
Heap:
 PSYoungGen      total 39424K, used 27648K [0x00000000f5580000, 0x00000000f9f00000, 0x0000000100000000)
  eden space 27648K, 100% used [0x00000000f5580000,0x00000000f7080000,0x00000000f7080000)
  from space 11776K, 0% used [0x00000000f7080000,0x00000000f7080000,0x00000000f7c00000)
  to   space 22528K, 0% used [0x00000000f8900000,0x00000000f8900000,0x00000000f9f00000)
 ParOldGen       total 349696K, used 349694K [0x00000000e0000000, 0x00000000f5580000, 0x00000000f5580000)
  object space 349696K, 99% used [0x00000000e0000000,0x00000000f557fbe8,0x00000000f5580000)
 Metaspace       used 60796K, committed 62016K, reserved 1105920K
  class space    used 5996K, committed 6464K, reserved 1048576K
GC Heap History (20 events):
Event: 279.248 GC heap before
{Heap before GC invocations=356 (full 214):
 PSYoungGen      total 39424K, used 27647K [0x00000000f5580000, 0x00000000f9f00000, 0x0000000100000000)
  eden space 27648K, 99% used [0x00000000f5580000,0x00000000f707fff8,0x00000000f7080000)
  from space 11776K, 0% used [0x00000000f7080000,0x00000000f7080000,0x00000000f7c00000)
  to   space 22528K, 0% used [0x00000000f8900000,0x00000000f8900000,0x00000000f9f00000)
 ParOldGen       total 349696K, used 349695K [0x00000000e0000000, 0x00000000f5580000, 0x00000000f5580000)
  object space 349696K, 99% used [0x00000000e0000000,0x00000000f557fff0,0x00000000f5580000)
 Metaspace       used 60796K, committed 62016K, reserved 1105920K
  class space    used 5996K, committed 6464K, reserved 1048576K
}
Event: 280.344 GC heap after
{Heap after GC invocations=356 (full 214):
 PSYoungGen      total 50176K, used 27647K [0x00000000f5580000, 0x00000000f9f00000, 0x0000000100000000)
  eden space 27648K, 99% used [0x00000000f5580000,0x00000000f707ffb8,0x00000000f7080000)
  from space 22528K, 0% used [0x00000000f8900000,0x00000000f8900000,0x00000000f9f00000)
  to   space 11776K, 0% used [0x00000000f7080000,0x00000000f7080000,0x00000000f7c00000)
 ParOldGen       total 349696K, used 349695K [0x00000000e0000000, 0x00000000f5580000, 0x00000000f5580000)
  object space 349696K, 99% used [0x00000000e0000000,0x00000000f557fdf0,0x00000000f5580000)
 Metaspace       used 60796K, committed 62016K, reserved 1105920K
  class space    used 5996K, committed 6464K, reserved 1048576K
}
Event: 280.345 GC heap before
{Heap before GC invocations=357 (full 215):
 PSYoungGen      total 50176K, used 27648K [0x00000000f5580000, 0x00000000f9f00000, 0x0000000100000000)
  eden space 27648K, 100% used [0x00000000f5580000,0x00000000f7080000,0x00000000f7080000)
  from space 22528K, 0% used [0x00000000f8900000,0x00000000f8900000,0x00000000f9f00000)
  to   space 11776K, 0% used [0x00000000f7080000,0x00000000f7080000,0x00000000f7c00000)
 ParOldGen       total 349696K, used 349696K [0x00000000e0000000, 0x00000000f5580000, 0x00000000f5580000)
  object space 349696K, 100% used [0x00000000e0000000,0x00000000f5580000,0x00000000f5580000)
 Metaspace       used 60796K, committed 62016K, reserved 1105920K
  class space    used 5996K, committed 6464K, reserved 1048576K
}
Event: 281.442 GC heap after
{Heap after GC invocations=357 (full 215):
 PSYoungGen      total 39424K, used 27647K [0x00000000f5580000, 0x00000000f9f00000, 0x0000000100000000)
  eden space 27648K, 99% used [0x00000000f5580000,0x00000000f707ffe8,0x00000000f7080000)
  from space 11776K, 0% used [0x00000000f7080000,0x00000000f7080000,0x00000000f7c00000)
  to   space 22528K, 0% used [0x00000000f8900000,0x00000000f8900000,0x00000000f9f00000)
 ParOldGen       total 349696K, used 349695K [0x00000000e0000000, 0x00000000f5580000, 0x00000000f5580000)
  object space 349696K, 99% used [0x00000000e0000000,0x00000000f557ffd0,0x00000000f5580000)
 Metaspace       used 60796K, committed 62016K, reserved 1105920K
  class space    used 5996K, committed 6464K, reserved 1048576K
}
Event: 281.442 GC heap before
{Heap before GC invocations=358 (full 216):
 PSYoungGen      total 39424K, used 27648K [0x00000000f5580000, 0x00000000f9f00000, 0x0000000100000000)
  eden space 27648K, 100% used [0x00000000f5580000,0x00000000f7080000,0x00000000f7080000)
  from space 11776K, 0% used [0x00000000f7080000,0x00000000f7080000,0x00000000f7c00000)
  to   space 22528K, 0% used [0x00000000f8900000,0x00000000f8900000,0x00000000f9f00000)
 ParOldGen       total 349696K, used 349695K [0x00000000e0000000, 0x00000000f5580000, 0x00000000f5580000)
  object space 349696K, 99% used [0x00000000e0000000,0x00000000f557ffd0,0x00000000f5580000)
 Metaspace       used 60796K, committed 62016K, reserved 1105920K
  class space    used 5996K, committed 6464K, reserved 1048576K
}
Event: 282.452 GC heap after
{Heap after GC invocations=358 (full 216):
 PSYoungGen      total 50176K, used 27648K [0x00000000f5580000, 0x00000000f9f00000, 0x0000000100000000)
  eden space 27648K, 100% used [0x00000000f5580000,0x00000000f7080000,0x00000000f7080000)
  from space 22528K, 0% used [0x00000000f8900000,0x00000000f8900000,0x00000000f9f00000)
  to   space 11776K, 0% used [0x00000000f7080000,0x00000000f7080000,0x00000000f7c00000)
 ParOldGen       total 349696K, used 349695K [0x00000000e0000000, 0x00000000f5580000, 0x00000000f5580000)
  object space 349696K, 99% used [0x00000000e0000000,0x00000000f557ffd0,0x00000000f5580000)
 Metaspace       used 60796K, committed 62016K, reserved 1105920K
  class space    used 5996K, committed 6464K, reserved 1048576K
}
Event: 282.452 GC heap before
{Heap before GC invocations=359 (full 217):
 PSYoungGen      total 50176K, used 27648K [0x00000000f5580000, 0x00000000f9f00000, 0x0000000100000000)
  eden space 27648K, 100% used [0x00000000f5580000,0x00000000f7080000,0x00000000f7080000)
  from space 22528K, 0% used [0x00000000f8900000,0x00000000f8900000,0x00000000f9f00000)
  to   space 11776K, 0% used [0x00000000f7080000,0x00000000f7080000,0x00000000f7c00000)
 ParOldGen       total 349696K, used 349696K [0x00000000e0000000, 0x00000000f5580000, 0x00000000f5580000)
  object space 349696K, 100% used [0x00000000e0000000,0x00000000f5580000,0x00000000f5580000)
 Metaspace       used 60796K, committed 62016K, reserved 1105920K
  class space    used 5996K, committed 6464K, reserved 1048576K
}
Event: 283.543 GC heap after
{Heap after GC invocations=359 (full 217):
 PSYoungGen      total 39424K, used 27647K [0x00000000f5580000, 0x00000000f9f00000, 0x0000000100000000)
  eden space 27648K, 99% used [0x00000000f5580000,0x00000000f707ffe8,0x00000000f7080000)
  from space 11776K, 0% used [0x00000000f7080000,0x00000000f7080000,0x00000000f7c00000)
  to   space 22528K, 0% used [0x00000000f8900000,0x00000000f8900000,0x00000000f9f00000)
 ParOldGen       total 349696K, used 349696K [0x00000000e0000000, 0x00000000f5580000, 0x00000000f5580000)
  object space 349696K, 100% used [0x00000000e0000000,0x00000000f5580000,0x00000000f5580000)
 Metaspace       used 60796K, committed 62016K, reserved 1105920K
  class space    used 5996K, committed 6464K, reserved 1048576K
}
Event: 283.544 GC heap before
{Heap before GC invocations=360 (full 218):
 PSYoungGen      total 39424K, used 27647K [0x00000000f5580000, 0x00000000f9f00000, 0x0000000100000000)
  eden space 27648K, 99% used [0x00000000f5580000,0x00000000f707ffe8,0x00000000f7080000)
  from space 11776K, 0% used [0x00000000f7080000,0x00000000f7080000,0x00000000f7c00000)
  to   space 22528K, 0% used [0x00000000f8900000,0x00000000f8900000,0x00000000f9f00000)
 ParOldGen       total 349696K, used 349696K [0x00000000e0000000, 0x00000000f5580000, 0x00000000f5580000)
  object space 349696K, 100% used [0x00000000e0000000,0x00000000f5580000,0x00000000f5580000)
 Metaspace       used 60796K, committed 62016K, reserved 1105920K
  class space    used 5996K, committed 6464K, reserved 1048576K
}
Event: 284.531 GC heap after
{Heap after GC invocations=360 (full 218):
 PSYoungGen      total 50176K, used 27647K [0x00000000f5580000, 0x00000000f9f00000, 0x0000000100000000)
  eden space 27648K, 99% used [0x00000000f5580000,0x00000000f707ffe8,0x00000000f7080000)
  from space 22528K, 0% used [0x00000000f8900000,0x00000000f8900000,0x00000000f9f00000)
  to   space 11776K, 0% used [0x00000000f7080000,0x00000000f7080000,0x00000000f7c00000)
 ParOldGen       total 349696K, used 349696K [0x00000000e0000000, 0x00000000f5580000, 0x00000000f5580000)
  object space 349696K, 100% used [0x00000000e0000000,0x00000000f5580000,0x00000000f5580000)
 Metaspace       used 60796K, committed 62016K, reserved 1105920K
  class space    used 5996K, committed 6464K, reserved 1048576K
}
Event: 284.532 GC heap before
{Heap before GC invocations=361 (full 219):
 PSYoungGen      total 50176K, used 27648K [0x00000000f5580000, 0x00000000f9f00000, 0x0000000100000000)
  eden space 27648K, 100% used [0x00000000f5580000,0x00000000f7080000,0x00000000f7080000)
  from space 22528K, 0% used [0x00000000f8900000,0x00000000f8900000,0x00000000f9f00000)
  to   space 11776K, 0% used [0x00000000f7080000,0x00000000f7080000,0x00000000f7c00000)
 ParOldGen       total 349696K, used 349696K [0x00000000e0000000, 0x00000000f5580000, 0x00000000f5580000)
  object space 349696K, 100% used [0x00000000e0000000,0x00000000f5580000,0x00000000f5580000)
 Metaspace       used 60796K, committed 62016K, reserved 1105920K
  class space    used 5996K, committed 6464K, reserved 1048576K
}
Event: 285.570 GC heap after
{Heap after GC invocations=361 (full 219):
 PSYoungGen      total 39424K, used 27648K [0x00000000f5580000, 0x00000000f9f00000, 0x0000000100000000)
  eden space 27648K, 100% used [0x00000000f5580000,0x00000000f7080000,0x00000000f7080000)
  from space 11776K, 0% used [0x00000000f7080000,0x00000000f7080000,0x00000000f7c00000)
  to   space 22528K, 0% used [0x00000000f8900000,0x00000000f8900000,0x00000000f9f00000)
 ParOldGen       total 349696K, used 349696K [0x00000000e0000000, 0x00000000f5580000, 0x00000000f5580000)
  object space 349696K, 100% used [0x00000000e0000000,0x00000000f5580000,0x00000000f5580000)
 Metaspace       used 60796K, committed 62016K, reserved 1105920K
  class space    used 5996K, committed 6464K, reserved 1048576K
}
Event: 285.570 GC heap before
{Heap before GC invocations=362 (full 220):
 PSYoungGen      total 39424K, used 27648K [0x00000000f5580000, 0x00000000f9f00000, 0x0000000100000000)
  eden space 27648K, 100% used [0x00000000f5580000,0x00000000f7080000,0x00000000f7080000)
  from space 11776K, 0% used [0x00000000f7080000,0x00000000f7080000,0x00000000f7c00000)
  to   space 22528K, 0% used [0x00000000f8900000,0x00000000f8900000,0x00000000f9f00000)
 ParOldGen       total 349696K, used 349696K [0x00000000e0000000, 0x00000000f5580000, 0x00000000f5580000)
  object space 349696K, 100% used [0x00000000e0000000,0x00000000f5580000,0x00000000f5580000)
 Metaspace       used 60796K, committed 62016K, reserved 1105920K
  class space    used 5996K, committed 6464K, reserved 1048576K
}
Event: 286.578 GC heap after
{Heap after GC invocations=362 (full 220):
 PSYoungGen      total 50176K, used 27648K [0x00000000f5580000, 0x00000000f9f00000, 0x0000000100000000)
  eden space 27648K, 100% used [0x00000000f5580000,0x00000000f7080000,0x00000000f7080000)
  from space 22528K, 0% used [0x00000000f8900000,0x00000000f8900000,0x00000000f9f00000)
  to   space 11776K, 0% used [0x00000000f7080000,0x00000000f7080000,0x00000000f7c00000)
 ParOldGen       total 349696K, used 349696K [0x00000000e0000000, 0x00000000f5580000, 0x00000000f5580000)
  object space 349696K, 100% used [0x00000000e0000000,0x00000000f5580000,0x00000000f5580000)
 Metaspace       used 60796K, committed 62016K, reserved 1105920K
  class space    used 5996K, committed 6464K, reserved 1048576K
}
Event: 286.630 GC heap before
{Heap before GC invocations=363 (full 221):
 PSYoungGen      total 50176K, used 27648K [0x00000000f5580000, 0x00000000f9f00000, 0x0000000100000000)
  eden space 27648K, 100% used [0x00000000f5580000,0x00000000f7080000,0x00000000f7080000)
  from space 22528K, 0% used [0x00000000f8900000,0x00000000f8900000,0x00000000f9f00000)
  to   space 11776K, 0% used [0x00000000f7080000,0x00000000f7080000,0x00000000f7c00000)
 ParOldGen       total 349696K, used 349696K [0x00000000e0000000, 0x00000000f5580000, 0x00000000f5580000)
  object space 349696K, 100% used [0x00000000e0000000,0x00000000f5580000,0x00000000f5580000)
 Metaspace       used 60796K, committed 62016K, reserved 1105920K
  class space    used 5996K, committed 6464K, reserved 1048576K
}
Event: 287.673 GC heap after
{Heap after GC invocations=363 (full 221):
 PSYoungGen      total 39424K, used 27648K [0x00000000f5580000, 0x00000000f9f00000, 0x0000000100000000)
  eden space 27648K, 100% used [0x00000000f5580000,0x00000000f7080000,0x00000000f7080000)
  from space 11776K, 0% used [0x00000000f7080000,0x00000000f7080000,0x00000000f7c00000)
  to   space 22528K, 0% used [0x00000000f8900000,0x00000000f8900000,0x00000000f9f00000)
 ParOldGen       total 349696K, used 349693K [0x00000000e0000000, 0x00000000f5580000, 0x00000000f5580000)
  object space 349696K, 99% used [0x00000000e0000000,0x00000000f557f4a0,0x00000000f5580000)
 Metaspace       used 60796K, committed 62016K, reserved 1105920K
  class space    used 5996K, committed 6464K, reserved 1048576K
}
Event: 287.673 GC heap before
{Heap before GC invocations=364 (full 222):
 PSYoungGen      total 39424K, used 27648K [0x00000000f5580000, 0x00000000f9f00000, 0x0000000100000000)
  eden space 27648K, 100% used [0x00000000f5580000,0x00000000f7080000,0x00000000f7080000)
  from space 11776K, 0% used [0x00000000f7080000,0x00000000f7080000,0x00000000f7c00000)
  to   space 22528K, 0% used [0x00000000f8900000,0x00000000f8900000,0x00000000f9f00000)
 ParOldGen       total 349696K, used 349693K [0x00000000e0000000, 0x00000000f5580000, 0x00000000f5580000)
  object space 349696K, 99% used [0x00000000e0000000,0x00000000f557f568,0x00000000f5580000)
 Metaspace       used 60796K, committed 62016K, reserved 1105920K
  class space    used 5996K, committed 6464K, reserved 1048576K
}
Event: 288.784 GC heap after
{Heap after GC invocations=364 (full 222):
 PSYoungGen      total 50176K, used 27648K [0x00000000f5580000, 0x00000000f9f00000, 0x0000000100000000)
  eden space 27648K, 100% used [0x00000000f5580000,0x00000000f7080000,0x00000000f7080000)
  from space 22528K, 0% used [0x00000000f8900000,0x00000000f8900000,0x00000000f9f00000)
  to   space 11776K, 0% used [0x00000000f7080000,0x00000000f7080000,0x00000000f7c00000)
 ParOldGen       total 349696K, used 349693K [0x00000000e0000000, 0x00000000f5580000, 0x00000000f5580000)
  object space 349696K, 99% used [0x00000000e0000000,0x00000000f557f538,0x00000000f5580000)
 Metaspace       used 60796K, committed 62016K, reserved 1105920K
  class space    used 5996K, committed 6464K, reserved 1048576K
}
Event: 288.784 GC heap before
{Heap before GC invocations=365 (full 223):
 PSYoungGen      total 50176K, used 27648K [0x00000000f5580000, 0x00000000f9f00000, 0x0000000100000000)
  eden space 27648K, 100% used [0x00000000f5580000,0x00000000f7080000,0x00000000f7080000)
  from space 22528K, 0% used [0x00000000f8900000,0x00000000f8900000,0x00000000f9f00000)
  to   space 11776K, 0% used [0x00000000f7080000,0x00000000f7080000,0x00000000f7c00000)
 ParOldGen       total 349696K, used 349693K [0x00000000e0000000, 0x00000000f5580000, 0x00000000f5580000)
  object space 349696K, 99% used [0x00000000e0000000,0x00000000f557f538,0x00000000f5580000)
 Metaspace       used 60796K, committed 62016K, reserved 1105920K
  class space    used 5996K, committed 6464K, reserved 1048576K
}
Event: 289.865 GC heap after
{Heap after GC invocations=365 (full 223):
 PSYoungGen      total 39424K, used 27648K [0x00000000f5580000, 0x00000000f9f00000, 0x0000000100000000)
  eden space 27648K, 100% used [0x00000000f5580000,0x00000000f7080000,0x00000000f7080000)
  from space 11776K, 0% used [0x00000000f7080000,0x00000000f7080000,0x00000000f7c00000)
  to   space 22528K, 0% used [0x00000000f8900000,0x00000000f8900000,0x00000000f9f00000)
 ParOldGen       total 349696K, used 349693K [0x00000000e0000000, 0x00000000f5580000, 0x00000000f5580000)
  object space 349696K, 99% used [0x00000000e0000000,0x00000000f557f538,0x00000000f5580000)
 Metaspace       used 60796K, committed 62016K, reserved 1105920K
  class space    used 5996K, committed 6464K, reserved 1048576K
}

