# JRE version: OpenJDK Runtime Environment GraalVM CE 22.3.0 (17.0.5+8) (build 17.0.5+8-jvmci-22.3-b08)
# Java VM: OpenJDK 64-Bit Server VM GraalVM CE 22.3.0 (17.0.5+8-jvmci-22.3-b08, mixed mode, sharing, tiered, jvmci, jvmci compiler, compressed oops, compressed class ptrs, parallel gc, linux-amd64)
GC Precious Log:
 CPUs: 8 total, 1 available
 Memory: 1024M
 Large Page Support: Disabled
 NUMA Support: Disabled
 Compressed Oops: Enabled (32-bit)
 Alignments: Space 512K, Generation 512K, Heap 2M
 Heap Min Capacity: 100M
 Heap Initial Capacity: 100M
 Heap Max Capacity: 512M
 Pre-touch: Disabled
 Parallel Workers: 1
Heap:
 PSYoungGen      total 55296K, used 29184K [0x00000000f5580000, 0x00000000fa600000, 0x0000000100000000)
  eden space 29184K, 100% used [0x00000000f5580000,0x00000000f7200000,0x00000000f7200000)
  from space 26112K, 0% used [0x00000000f7200000,0x00000000f7200000,0x00000000f8b80000)
  to   space 13824K, 0% used [0x00000000f8b80000,0x00000000f8b80000,0x00000000f9900000)
 ParOldGen       total 349696K, used 349696K [0x00000000e0000000, 0x00000000f5580000, 0x00000000f5580000)
  object space 349696K, 100% used [0x00000000e0000000,0x00000000f5580000,0x00000000f5580000)
 Metaspace       used 68380K, committed 69312K, reserved 1114112K
  class space    used 6630K, committed 7040K, reserved 1048576K
GC Heap History (20 events):
Event: 1274.381 GC heap before
{Heap before GC invocations=922 (full 772):
 PSYoungGen      total 55296K, used 29184K [0x00000000f5580000, 0x00000000fa600000, 0x0000000100000000)
  eden space 29184K, 100% used [0x00000000f5580000,0x00000000f7200000,0x00000000f7200000)
  from space 26112K, 0% used [0x00000000f7200000,0x00000000f7200000,0x00000000f8b80000)
  to   space 13824K, 0% used [0x00000000f8b80000,0x00000000f8b80000,0x00000000f9900000)
 ParOldGen       total 349696K, used 349695K [0x00000000e0000000, 0x00000000f5580000, 0x00000000f5580000)
  object space 349696K, 99% used [0x00000000e0000000,0x00000000f557ff70,0x00000000f5580000)
 Metaspace       used 68380K, committed 69312K, reserved 1114112K
  class space    used 6630K, committed 7040K, reserved 1048576K
}
Event: 1276.216 GC heap after
{Heap after GC invocations=922 (full 772):
 PSYoungGen      total 43008K, used 29183K [0x00000000f5580000, 0x00000000fa600000, 0x0000000100000000)
  eden space 29184K, 99% used [0x00000000f5580000,0x00000000f71fffa8,0x00000000f7200000)
  from space 13824K, 0% used [0x00000000f8b80000,0x00000000f8b80000,0x00000000f9900000)
  to   space 26112K, 0% used [0x00000000f7200000,0x00000000f7200000,0x00000000f8b80000)
 ParOldGen       total 349696K, used 349695K [0x00000000e0000000, 0x00000000f5580000, 0x00000000f5580000)
  object space 349696K, 99% used [0x00000000e0000000,0x00000000f557fc88,0x00000000f5580000)
 Metaspace       used 68380K, committed 69312K, reserved 1114112K
  class space    used 6630K, committed 7040K, reserved 1048576K
}
Event: 1276.231 GC heap before
{Heap before GC invocations=923 (full 773):
 PSYoungGen      total 43008K, used 29184K [0x00000000f5580000, 0x00000000fa600000, 0x0000000100000000)
  eden space 29184K, 100% used [0x00000000f5580000,0x00000000f7200000,0x00000000f7200000)
  from space 13824K, 0% used [0x00000000f8b80000,0x00000000f8b80000,0x00000000f9900000)
  to   space 26112K, 0% used [0x00000000f7200000,0x00000000f7200000,0x00000000f8b80000)
 ParOldGen       total 349696K, used 349695K [0x00000000e0000000, 0x00000000f5580000, 0x00000000f5580000)
  object space 349696K, 99% used [0x00000000e0000000,0x00000000f557fc88,0x00000000f5580000)
 Metaspace       used 68380K, committed 69312K, reserved 1114112K
  class space    used 6630K, committed 7040K, reserved 1048576K
}
Event: 1277.781 GC heap after
{Heap after GC invocations=923 (full 773):
 PSYoungGen      total 55296K, used 29183K [0x00000000f5580000, 0x00000000fa600000, 0x0000000100000000)
  eden space 29184K, 99% used [0x00000000f5580000,0x00000000f71ffff0,0x00000000f7200000)
  from space 26112K, 0% used [0x00000000f7200000,0x00000000f7200000,0x00000000f8b80000)
  to   space 13824K, 0% used [0x00000000f8b80000,0x00000000f8b80000,0x00000000f9900000)
 ParOldGen       total 349696K, used 349695K [0x00000000e0000000, 0x00000000f5580000, 0x00000000f5580000)
  object space 349696K, 99% used [0x00000000e0000000,0x00000000f557fc88,0x00000000f5580000)
 Metaspace       used 68380K, committed 69312K, reserved 1114112K
  class space    used 6630K, committed 7040K, reserved 1048576K
}
Event: 1277.785 GC heap before
{Heap before GC invocations=924 (full 774):
 PSYoungGen      total 55296K, used 29184K [0x00000000f5580000, 0x00000000fa600000, 0x0000000100000000)
  eden space 29184K, 100% used [0x00000000f5580000,0x00000000f7200000,0x00000000f7200000)
  from space 26112K, 0% used [0x00000000f7200000,0x00000000f7200000,0x00000000f8b80000)
  to   space 13824K, 0% used [0x00000000f8b80000,0x00000000f8b80000,0x00000000f9900000)
 ParOldGen       total 349696K, used 349695K [0x00000000e0000000, 0x00000000f5580000, 0x00000000f5580000)
  object space 349696K, 99% used [0x00000000e0000000,0x00000000f557fff8,0x00000000f5580000)
 Metaspace       used 68380K, committed 69312K, reserved 1114112K
  class space    used 6630K, committed 7040K, reserved 1048576K
}
Event: 1279.603 GC heap after
{Heap after GC invocations=924 (full 774):
 PSYoungGen      total 43008K, used 29183K [0x00000000f5580000, 0x00000000fa600000, 0x0000000100000000)
  eden space 29184K, 99% used [0x00000000f5580000,0x00000000f71fff50,0x00000000f7200000)
  from space 13824K, 0% used [0x00000000f8b80000,0x00000000f8b80000,0x00000000f9900000)
  to   space 26112K, 0% used [0x00000000f7200000,0x00000000f7200000,0x00000000f8b80000)
 ParOldGen       total 349696K, used 349695K [0x00000000e0000000, 0x00000000f5580000, 0x00000000f5580000)
  object space 349696K, 99% used [0x00000000e0000000,0x00000000f557fec8,0x00000000f5580000)
 Metaspace       used 68380K, committed 69312K, reserved 1114112K
  class space    used 6630K, committed 7040K, reserved 1048576K
}
Event: 1279.605 GC heap before
{Heap before GC invocations=925 (full 775):
 PSYoungGen      total 43008K, used 29184K [0x00000000f5580000, 0x00000000fa600000, 0x0000000100000000)
  eden space 29184K, 100% used [0x00000000f5580000,0x00000000f7200000,0x00000000f7200000)
  from space 13824K, 0% used [0x00000000f8b80000,0x00000000f8b80000,0x00000000f9900000)
  to   space 26112K, 0% used [0x00000000f7200000,0x00000000f7200000,0x00000000f8b80000)
 ParOldGen       total 349696K, used 349695K [0x00000000e0000000, 0x00000000f5580000, 0x00000000f5580000)
  object space 349696K, 99% used [0x00000000e0000000,0x00000000f557fec8,0x00000000f5580000)
 Metaspace       used 68380K, committed 69312K, reserved 1114112K
  class space    used 6630K, committed 7040K, reserved 1048576K
}
Event: 1281.239 GC heap after
{Heap after GC invocations=925 (full 775):
 PSYoungGen      total 55296K, used 29183K [0x00000000f5580000, 0x00000000fa600000, 0x0000000100000000)
  eden space 29184K, 99% used [0x00000000f5580000,0x00000000f71fffd0,0x00000000f7200000)
  from space 26112K, 0% used [0x00000000f7200000,0x00000000f7200000,0x00000000f8b80000)
  to   space 13824K, 0% used [0x00000000f8b80000,0x00000000f8b80000,0x00000000f9900000)
 ParOldGen       total 349696K, used 349695K [0x00000000e0000000, 0x00000000f5580000, 0x00000000f5580000)
  object space 349696K, 99% used [0x00000000e0000000,0x00000000f557fe60,0x00000000f5580000)
 Metaspace       used 68380K, committed 69312K, reserved 1114112K
  class space    used 6630K, committed 7040K, reserved 1048576K
}
Event: 1281.239 GC heap before
{Heap before GC invocations=926 (full 776):
 PSYoungGen      total 55296K, used 29183K [0x00000000f5580000, 0x00000000fa600000, 0x0000000100000000)
  eden space 29184K, 99% used [0x00000000f5580000,0x00000000f71fffe8,0x00000000f7200000)
  from space 26112K, 0% used [0x00000000f7200000,0x00000000f7200000,0x00000000f8b80000)
  to   space 13824K, 0% used [0x00000000f8b80000,0x00000000f8b80000,0x00000000f9900000)
 ParOldGen       total 349696K, used 349695K [0x00000000e0000000, 0x00000000f5580000, 0x00000000f5580000)
  object space 349696K, 99% used [0x00000000e0000000,0x00000000f557fe60,0x00000000f5580000)
 Metaspace       used 68380K, committed 69312K, reserved 1114112K
  class space    used 6630K, committed 7040K, reserved 1048576K
}
Event: 1283.059 GC heap after
{Heap after GC invocations=926 (full 776):
 PSYoungGen      total 43008K, used 29183K [0x00000000f5580000, 0x00000000fa600000, 0x0000000100000000)
  eden space 29184K, 99% used [0x00000000f5580000,0x00000000f71fffe8,0x00000000f7200000)
  from space 13824K, 0% used [0x00000000f8b80000,0x00000000f8b80000,0x00000000f9900000)
  to   space 26112K, 0% used [0x00000000f7200000,0x00000000f7200000,0x00000000f8b80000)
 ParOldGen       total 349696K, used 349695K [0x00000000e0000000, 0x00000000f5580000, 0x00000000f5580000)
  object space 349696K, 99% used [0x00000000e0000000,0x00000000f557fe60,0x00000000f5580000)
 Metaspace       used 68380K, committed 69312K, reserved 1114112K
  class space    used 6630K, committed 7040K, reserved 1048576K
}
Event: 1283.072 GC heap before
{Heap before GC invocations=927 (full 777):
 PSYoungGen      total 43008K, used 29184K [0x00000000f5580000, 0x00000000fa600000, 0x0000000100000000)
  eden space 29184K, 100% used [0x00000000f5580000,0x00000000f7200000,0x00000000f7200000)
  from space 13824K, 0% used [0x00000000f8b80000,0x00000000f8b80000,0x00000000f9900000)
  to   space 26112K, 0% used [0x00000000f7200000,0x00000000f7200000,0x00000000f8b80000)
 ParOldGen       total 349696K, used 349696K [0x00000000e0000000, 0x00000000f5580000, 0x00000000f5580000)
  object space 349696K, 100% used [0x00000000e0000000,0x00000000f5580000,0x00000000f5580000)
 Metaspace       used 68380K, committed 69312K, reserved 1114112K
  class space    used 6630K, committed 7040K, reserved 1048576K
}
Event: 1284.573 GC heap after
{Heap after GC invocations=927 (full 777):
 PSYoungGen      total 55296K, used 29183K [0x00000000f5580000, 0x00000000fa600000, 0x0000000100000000)
  eden space 29184K, 99% used [0x00000000f5580000,0x00000000f71ffec8,0x00000000f7200000)
  from space 26112K, 0% used [0x00000000f7200000,0x00000000f7200000,0x00000000f8b80000)
  to   space 13824K, 0% used [0x00000000f8b80000,0x00000000f8b80000,0x00000000f9900000)
 ParOldGen       total 349696K, used 349695K [0x00000000e0000000, 0x00000000f5580000, 0x00000000f5580000)
  object space 349696K, 99% used [0x00000000e0000000,0x00000000f557fe50,0x00000000f5580000)
 Metaspace       used 68380K, committed 69312K, reserved 1114112K
  class space    used 6630K, committed 7040K, reserved 1048576K
}
Event: 1284.575 GC heap before
{Heap before GC invocations=928 (full 778):
 PSYoungGen      total 55296K, used 29183K [0x00000000f5580000, 0x00000000fa600000, 0x0000000100000000)
  eden space 29184K, 99% used [0x00000000f5580000,0x00000000f71ffff0,0x00000000f7200000)
  from space 26112K, 0% used [0x00000000f7200000,0x00000000f7200000,0x00000000f8b80000)
  to   space 13824K, 0% used [0x00000000f8b80000,0x00000000f8b80000,0x00000000f9900000)
 ParOldGen       total 349696K, used 349695K [0x00000000e0000000, 0x00000000f5580000, 0x00000000f5580000)
  object space 349696K, 99% used [0x00000000e0000000,0x00000000f557fe50,0x00000000f5580000)
 Metaspace       used 68380K, committed 69312K, reserved 1114112K
  class space    used 6630K, committed 7040K, reserved 1048576K
}
Event: 1286.051 GC heap after
{Heap after GC invocations=928 (full 778):
 PSYoungGen      total 43008K, used 29183K [0x00000000f5580000, 0x00000000fa600000, 0x0000000100000000)
  eden space 29184K, 99% used [0x00000000f5580000,0x00000000f71fffa0,0x00000000f7200000)
  from space 13824K, 0% used [0x00000000f8b80000,0x00000000f8b80000,0x00000000f9900000)
  to   space 26112K, 0% used [0x00000000f7200000,0x00000000f7200000,0x00000000f8b80000)
 ParOldGen       total 349696K, used 349695K [0x00000000e0000000, 0x00000000f5580000, 0x00000000f5580000)
  object space 349696K, 99% used [0x00000000e0000000,0x00000000f557fe30,0x00000000f5580000)
 Metaspace       used 68380K, committed 69312K, reserved 1114112K
  class space    used 6630K, committed 7040K, reserved 1048576K
}
Event: 1286.051 GC heap before
{Heap before GC invocations=929 (full 779):
 PSYoungGen      total 43008K, used 29183K [0x00000000f5580000, 0x00000000fa600000, 0x0000000100000000)
  eden space 29184K, 99% used [0x00000000f5580000,0x00000000f71fffa0,0x00000000f7200000)
  from space 13824K, 0% used [0x00000000f8b80000,0x00000000f8b80000,0x00000000f9900000)
  to   space 26112K, 0% used [0x00000000f7200000,0x00000000f7200000,0x00000000f8b80000)
 ParOldGen       total 349696K, used 349695K [0x00000000e0000000, 0x00000000f5580000, 0x00000000f5580000)
  object space 349696K, 99% used [0x00000000e0000000,0x00000000f557fe30,0x00000000f5580000)
 Metaspace       used 68380K, committed 69312K, reserved 1114112K
  class space    used 6630K, committed 7040K, reserved 1048576K
}
Event: 1287.573 GC heap after
{Heap after GC invocations=929 (full 779):
 PSYoungGen      total 55296K, used 29183K [0x00000000f5580000, 0x00000000fa600000, 0x0000000100000000)
  eden space 29184K, 99% used [0x00000000f5580000,0x00000000f71fffa0,0x00000000f7200000)
  from space 26112K, 0% used [0x00000000f7200000,0x00000000f7200000,0x00000000f8b80000)
  to   space 13824K, 0% used [0x00000000f8b80000,0x00000000f8b80000,0x00000000f9900000)
 ParOldGen       total 349696K, used 349695K [0x00000000e0000000, 0x00000000f5580000, 0x00000000f5580000)
  object space 349696K, 99% used [0x00000000e0000000,0x00000000f557fe30,0x00000000f5580000)
 Metaspace       used 68380K, committed 69312K, reserved 1114112K
  class space    used 6630K, committed 7040K, reserved 1048576K
}
Event: 1287.574 GC heap before
{Heap before GC invocations=930 (full 780):
 PSYoungGen      total 55296K, used 29183K [0x00000000f5580000, 0x00000000fa600000, 0x0000000100000000)
  eden space 29184K, 99% used [0x00000000f5580000,0x00000000f71fffa0,0x00000000f7200000)
  from space 26112K, 0% used [0x00000000f7200000,0x00000000f7200000,0x00000000f8b80000)
  to   space 13824K, 0% used [0x00000000f8b80000,0x00000000f8b80000,0x00000000f9900000)
 ParOldGen       total 349696K, used 349695K [0x00000000e0000000, 0x00000000f5580000, 0x00000000f5580000)
  object space 349696K, 99% used [0x00000000e0000000,0x00000000f557fe30,0x00000000f5580000)
 Metaspace       used 68380K, committed 69312K, reserved 1114112K
  class space    used 6630K, committed 7040K, reserved 1048576K
}
Event: 1289.058 GC heap after
{Heap after GC invocations=930 (full 780):
 PSYoungGen      total 43008K, used 29183K [0x00000000f5580000, 0x00000000fa600000, 0x0000000100000000)
  eden space 29184K, 99% used [0x00000000f5580000,0x00000000f71fffa0,0x00000000f7200000)
  from space 13824K, 0% used [0x00000000f8b80000,0x00000000f8b80000,0x00000000f9900000)
  to   space 26112K, 0% used [0x00000000f7200000,0x00000000f7200000,0x00000000f8b80000)
 ParOldGen       total 349696K, used 349695K [0x00000000e0000000, 0x00000000f5580000, 0x00000000f5580000)
  object space 349696K, 99% used [0x00000000e0000000,0x00000000f557fe30,0x00000000f5580000)
 Metaspace       used 68380K, committed 69312K, reserved 1114112K
  class space    used 6630K, committed 7040K, reserved 1048576K
}
Event: 1289.058 GC heap before
{Heap before GC invocations=931 (full 781):
 PSYoungGen      total 43008K, used 29183K [0x00000000f5580000, 0x00000000fa600000, 0x0000000100000000)
  eden space 29184K, 99% used [0x00000000f5580000,0x00000000f71fffa0,0x00000000f7200000)
  from space 13824K, 0% used [0x00000000f8b80000,0x00000000f8b80000,0x00000000f9900000)
  to   space 26112K, 0% used [0x00000000f7200000,0x00000000f7200000,0x00000000f8b80000)
 ParOldGen       total 349696K, used 349695K [0x00000000e0000000, 0x00000000f5580000, 0x00000000f5580000)
  object space 349696K, 99% used [0x00000000e0000000,0x00000000f557fe30,0x00000000f5580000)
 Metaspace       used 68380K, committed 69312K, reserved 1114112K
  class space    used 6630K, committed 7040K, reserved 1048576K
}
Event: 1290.649 GC heap after
{Heap after GC invocations=931 (full 781):
 PSYoungGen      total 55296K, used 29183K [0x00000000f5580000, 0x00000000fa600000, 0x0000000100000000)
  eden space 29184K, 99% used [0x00000000f5580000,0x00000000f71fffa0,0x00000000f7200000)
  from space 26112K, 0% used [0x00000000f7200000,0x00000000f7200000,0x00000000f8b80000)
  to   space 13824K, 0% used [0x00000000f8b80000,0x00000000f8b80000,0x00000000f9900000)
 ParOldGen       total 349696K, used 349695K [0x00000000e0000000, 0x00000000f5580000, 0x00000000f5580000)
  object space 349696K, 99% used [0x00000000e0000000,0x00000000f557fe30,0x00000000f5580000)
 Metaspace       used 68380K, committed 69312K, reserved 1114112K
  class space    used 6630K, committed 7040K, reserved 1048576K
}

